[2025-02-26 23:38:39] Exception: Failed to fetch properties: SQLSTATE[42S02]: Base table or view not found: 1146 Table 'rate_clearance_system.property' doesn't exist in C:\xampp\htdocs\Rats\Rates\conveyancer\application.php on line 152
[2025-02-26 23:50:38] Exception: Failed to fetch properties: SQLSTATE[42S02]: Base table or view not found: 1146 Table 'rate_clearance_system.property' doesn't exist in C:\xampp\htdocs\Rats\Rates\conveyancer\application.php on line 152
[2025-02-26 23:50:44] Exception: Failed to fetch properties: SQLSTATE[42S02]: Base table or view not found: 1146 Table 'rate_clearance_system.property' doesn't exist in C:\xampp\htdocs\Rats\Rates\conveyancer\application.php on line 152
[2025-02-26 23:53:46] Exception: Failed to fetch properties: SQLSTATE[42S02]: Base table or view not found: 1146 Table 'rate_clearance_system.property' doesn't exist in C:\xampp\htdocs\Rats\Rates\conveyancer\application.php on line 152
[2025-02-27 00:04:33] Exception: Failed to fetch properties: SQLSTATE[42S02]: Base table or view not found: 1146 Table 'rate_clearance_system.property' doesn't exist in C:\xampp\htdocs\Rats\Rates\conveyancer\application.php on line 152
[2025-02-27 00:07:35] Exception: Failed to fetch properties: SQLSTATE[42S02]: Base table or view not found: 1146 Table 'rate_clearance_system.property' doesn't exist in C:\xampp\htdocs\Rats\Rates\conveyancer\application.php on line 152
[2025-02-27 00:19:11] Error: include(C:\xampp\htdocs\Rats\Rates\conveyancer/../Database/config.php): Failed to open stream: No such file or directory in C:\xampp\htdocs\Rats\Rates\conveyancer\application.php on line 10
[2025-02-27 00:19:11] Error: include(): Failed opening 'C:\xampp\htdocs\Rats\Rates\conveyancer/../Database/config.php' for inclusion (include_path='C:\xampp\php\PEAR') in C:\xampp\htdocs\Rats\Rates\conveyancer\application.php on line 10
[2025-02-27 00:19:11] Error: Trying to access array offset on value of type bool in C:\xampp\htdocs\Rats\Rates\conveyancer\application.php on line 11
[2025-02-27 00:19:11] Error: Trying to access array offset on value of type bool in C:\xampp\htdocs\Rats\Rates\conveyancer\application.php on line 11
[2025-02-27 00:19:11] Error: Trying to access array offset on value of type bool in C:\xampp\htdocs\Rats\Rates\conveyancer\application.php on line 11
[2025-02-27 00:19:11] Error: Trying to access array offset on value of type bool in C:\xampp\htdocs\Rats\Rates\conveyancer\application.php on line 12
[2025-02-27 00:19:11] Error: Trying to access array offset on value of type bool in C:\xampp\htdocs\Rats\Rates\conveyancer\application.php on line 12
[2025-02-27 00:19:11] Error: Trying to access array offset on value of type bool in C:\xampp\htdocs\Rats\Rates\conveyancer\application.php on line 12
[2025-02-27 00:19:11] Exception: Database connection failed: SQLSTATE[HY000] [2019] Unknown character set in C:\xampp\htdocs\Rats\Rates\conveyancer\application.php on line 14
[2025-02-27 00:20:07] Error: include(C:\xampp\htdocs\Rats\Rates\conveyancer/../Database/config.php): Failed to open stream: No such file or directory in C:\xampp\htdocs\Rats\Rates\conveyancer\application.php on line 10
[2025-02-27 00:20:07] Error: include(): Failed opening 'C:\xampp\htdocs\Rats\Rates\conveyancer/../Database/config.php' for inclusion (include_path='C:\xampp\php\PEAR') in C:\xampp\htdocs\Rats\Rates\conveyancer\application.php on line 10
[2025-02-27 00:20:07] Error: Trying to access array offset on value of type bool in C:\xampp\htdocs\Rats\Rates\conveyancer\application.php on line 11
[2025-02-27 00:20:07] Error: Trying to access array offset on value of type bool in C:\xampp\htdocs\Rats\Rates\conveyancer\application.php on line 11
[2025-02-27 00:20:07] Error: Trying to access array offset on value of type bool in C:\xampp\htdocs\Rats\Rates\conveyancer\application.php on line 11
[2025-02-27 00:20:07] Error: Trying to access array offset on value of type bool in C:\xampp\htdocs\Rats\Rates\conveyancer\application.php on line 12
[2025-02-27 00:20:07] Error: Trying to access array offset on value of type bool in C:\xampp\htdocs\Rats\Rates\conveyancer\application.php on line 12
[2025-02-27 00:20:07] Error: Trying to access array offset on value of type bool in C:\xampp\htdocs\Rats\Rates\conveyancer\application.php on line 12
[2025-02-27 00:20:07] Exception: Database connection failed: SQLSTATE[HY000] [2019] Unknown character set in C:\xampp\htdocs\Rats\Rates\conveyancer\application.php on line 14
[2025-02-27 00:20:37] Error: include(C:\xampp\htdocs\Rats\Rates\conveyancer/../Database/config.php): Failed to open stream: No such file or directory in C:\xampp\htdocs\Rats\Rates\conveyancer\application.php on line 10
[2025-02-27 00:20:37] Error: include(): Failed opening 'C:\xampp\htdocs\Rats\Rates\conveyancer/../Database/config.php' for inclusion (include_path='C:\xampp\php\PEAR') in C:\xampp\htdocs\Rats\Rates\conveyancer\application.php on line 10
[2025-02-27 00:20:37] Error: Trying to access array offset on value of type bool in C:\xampp\htdocs\Rats\Rates\conveyancer\application.php on line 11
[2025-02-27 00:20:37] Error: Trying to access array offset on value of type bool in C:\xampp\htdocs\Rats\Rates\conveyancer\application.php on line 11
[2025-02-27 00:20:37] Error: Trying to access array offset on value of type bool in C:\xampp\htdocs\Rats\Rates\conveyancer\application.php on line 11
[2025-02-27 00:20:37] Error: Trying to access array offset on value of type bool in C:\xampp\htdocs\Rats\Rates\conveyancer\application.php on line 12
[2025-02-27 00:20:37] Error: Trying to access array offset on value of type bool in C:\xampp\htdocs\Rats\Rates\conveyancer\application.php on line 12
[2025-02-27 00:20:37] Error: Trying to access array offset on value of type bool in C:\xampp\htdocs\Rats\Rates\conveyancer\application.php on line 12
[2025-02-27 00:20:37] Exception: Database connection failed: SQLSTATE[HY000] [2019] Unknown character set in C:\xampp\htdocs\Rats\Rates\conveyancer\application.php on line 14
[2025-02-27 00:20:55] Error: include(C:\xampp\htdocs\Rats\Rates\conveyancer/../Database/config.php): Failed to open stream: No such file or directory in C:\xampp\htdocs\Rats\Rates\conveyancer\application.php on line 10
[2025-02-27 00:20:55] Error: include(): Failed opening 'C:\xampp\htdocs\Rats\Rates\conveyancer/../Database/config.php' for inclusion (include_path='C:\xampp\php\PEAR') in C:\xampp\htdocs\Rats\Rates\conveyancer\application.php on line 10
[2025-02-27 00:20:55] Error: Trying to access array offset on value of type bool in C:\xampp\htdocs\Rats\Rates\conveyancer\application.php on line 11
[2025-02-27 00:20:55] Error: Trying to access array offset on value of type bool in C:\xampp\htdocs\Rats\Rates\conveyancer\application.php on line 11
[2025-02-27 00:20:55] Error: Trying to access array offset on value of type bool in C:\xampp\htdocs\Rats\Rates\conveyancer\application.php on line 11
[2025-02-27 00:20:55] Error: Trying to access array offset on value of type bool in C:\xampp\htdocs\Rats\Rates\conveyancer\application.php on line 12
[2025-02-27 00:20:55] Error: Trying to access array offset on value of type bool in C:\xampp\htdocs\Rats\Rates\conveyancer\application.php on line 12
[2025-02-27 00:20:55] Error: Trying to access array offset on value of type bool in C:\xampp\htdocs\Rats\Rates\conveyancer\application.php on line 12
[2025-02-27 00:20:55] Exception: Database connection failed: SQLSTATE[HY000] [2019] Unknown character set in C:\xampp\htdocs\Rats\Rates\conveyancer\application.php on line 14
[2025-02-27 00:23:02] Error: include(C:\xampp\htdocs\Rats\Rates\conveyancer/../Database/config.php): Failed to open stream: No such file or directory in C:\xampp\htdocs\Rats\Rates\conveyancer\application.php on line 10
[2025-02-27 00:23:02] Error: include(): Failed opening 'C:\xampp\htdocs\Rats\Rates\conveyancer/../Database/config.php' for inclusion (include_path='C:\xampp\php\PEAR') in C:\xampp\htdocs\Rats\Rates\conveyancer\application.php on line 10
[2025-02-27 00:23:02] Error: Trying to access array offset on value of type bool in C:\xampp\htdocs\Rats\Rates\conveyancer\application.php on line 11
[2025-02-27 00:23:02] Error: Trying to access array offset on value of type bool in C:\xampp\htdocs\Rats\Rates\conveyancer\application.php on line 11
[2025-02-27 00:23:02] Error: Trying to access array offset on value of type bool in C:\xampp\htdocs\Rats\Rates\conveyancer\application.php on line 11
[2025-02-27 00:23:02] Error: Trying to access array offset on value of type bool in C:\xampp\htdocs\Rats\Rates\conveyancer\application.php on line 12
[2025-02-27 00:23:02] Error: Trying to access array offset on value of type bool in C:\xampp\htdocs\Rats\Rates\conveyancer\application.php on line 12
[2025-02-27 00:23:02] Error: Trying to access array offset on value of type bool in C:\xampp\htdocs\Rats\Rates\conveyancer\application.php on line 12
[2025-02-27 00:23:02] Exception: Database connection failed: SQLSTATE[HY000] [2019] Unknown character set in C:\xampp\htdocs\Rats\Rates\conveyancer\application.php on line 14
[2025-02-27 00:27:25] Error: include(C:\xampp\htdocs\Rats\Rates\conveyancer/../Database/config.php): Failed to open stream: No such file or directory in C:\xampp\htdocs\Rats\Rates\conveyancer\application.php on line 10
[2025-02-27 00:27:25] Error: include(): Failed opening 'C:\xampp\htdocs\Rats\Rates\conveyancer/../Database/config.php' for inclusion (include_path='C:\xampp\php\PEAR') in C:\xampp\htdocs\Rats\Rates\conveyancer\application.php on line 10
[2025-02-27 00:27:25] Error: Trying to access array offset on value of type bool in C:\xampp\htdocs\Rats\Rates\conveyancer\application.php on line 11
[2025-02-27 00:27:25] Error: Trying to access array offset on value of type bool in C:\xampp\htdocs\Rats\Rates\conveyancer\application.php on line 11
[2025-02-27 00:27:25] Error: Trying to access array offset on value of type bool in C:\xampp\htdocs\Rats\Rates\conveyancer\application.php on line 11
[2025-02-27 00:27:25] Error: Trying to access array offset on value of type bool in C:\xampp\htdocs\Rats\Rates\conveyancer\application.php on line 12
[2025-02-27 00:27:25] Error: Trying to access array offset on value of type bool in C:\xampp\htdocs\Rats\Rates\conveyancer\application.php on line 12
[2025-02-27 00:27:25] Error: Trying to access array offset on value of type bool in C:\xampp\htdocs\Rats\Rates\conveyancer\application.php on line 12
[2025-02-27 00:27:25] Exception: Database connection failed: SQLSTATE[HY000] [2019] Unknown character set in C:\xampp\htdocs\Rats\Rates\conveyancer\application.php on line 14
[2025-02-27 05:06:19] Error: include(C:\xampp\htdocs\Rats\Rates\conveyancer/../Database/config.php): Failed to open stream: No such file or directory in C:\xampp\htdocs\Rats\Rates\conveyancer\application.php on line 10
[2025-02-27 05:06:19] Error: include(): Failed opening 'C:\xampp\htdocs\Rats\Rates\conveyancer/../Database/config.php' for inclusion (include_path='C:\xampp\php\PEAR') in C:\xampp\htdocs\Rats\Rates\conveyancer\application.php on line 10
[2025-02-27 05:06:19] Error: Trying to access array offset on value of type bool in C:\xampp\htdocs\Rats\Rates\conveyancer\application.php on line 11
[2025-02-27 05:06:19] Error: Trying to access array offset on value of type bool in C:\xampp\htdocs\Rats\Rates\conveyancer\application.php on line 11
[2025-02-27 05:06:19] Error: Trying to access array offset on value of type bool in C:\xampp\htdocs\Rats\Rates\conveyancer\application.php on line 11
[2025-02-27 05:06:19] Error: Trying to access array offset on value of type bool in C:\xampp\htdocs\Rats\Rates\conveyancer\application.php on line 12
[2025-02-27 05:06:19] Error: Trying to access array offset on value of type bool in C:\xampp\htdocs\Rats\Rates\conveyancer\application.php on line 12
[2025-02-27 05:06:19] Error: Trying to access array offset on value of type bool in C:\xampp\htdocs\Rats\Rates\conveyancer\application.php on line 12
[2025-02-27 05:06:19] Exception: Database connection failed: SQLSTATE[HY000] [2019] Unknown character set in C:\xampp\htdocs\Rats\Rates\conveyancer\application.php on line 14
[2025-02-27 06:37:13] Error: include(C:\xampp\htdocs\Rats\Rates\conveyancer/../Database/config.php): Failed to open stream: No such file or directory in C:\xampp\htdocs\Rats\Rates\conveyancer\application.php on line 10
[2025-02-27 06:37:13] Error: include(): Failed opening 'C:\xampp\htdocs\Rats\Rates\conveyancer/../Database/config.php' for inclusion (include_path='C:\xampp\php\PEAR') in C:\xampp\htdocs\Rats\Rates\conveyancer\application.php on line 10
[2025-02-27 06:37:13] Error: Trying to access array offset on value of type bool in C:\xampp\htdocs\Rats\Rates\conveyancer\application.php on line 11
[2025-02-27 06:37:13] Error: Trying to access array offset on value of type bool in C:\xampp\htdocs\Rats\Rates\conveyancer\application.php on line 11
[2025-02-27 06:37:13] Error: Trying to access array offset on value of type bool in C:\xampp\htdocs\Rats\Rates\conveyancer\application.php on line 11
[2025-02-27 06:37:13] Error: Trying to access array offset on value of type bool in C:\xampp\htdocs\Rats\Rates\conveyancer\application.php on line 12
[2025-02-27 06:37:13] Error: Trying to access array offset on value of type bool in C:\xampp\htdocs\Rats\Rates\conveyancer\application.php on line 12
[2025-02-27 06:37:13] Error: Trying to access array offset on value of type bool in C:\xampp\htdocs\Rats\Rates\conveyancer\application.php on line 12
[2025-02-27 06:37:13] Exception: Database connection failed: SQLSTATE[HY000] [2019] Unknown character set in C:\xampp\htdocs\Rats\Rates\conveyancer\application.php on line 14
[2025-02-27 06:37:18] Error: include(C:\xampp\htdocs\Rats\Rates\conveyancer/../Database/config.php): Failed to open stream: No such file or directory in C:\xampp\htdocs\Rats\Rates\conveyancer\application.php on line 10
[2025-02-27 06:37:18] Error: include(): Failed opening 'C:\xampp\htdocs\Rats\Rates\conveyancer/../Database/config.php' for inclusion (include_path='C:\xampp\php\PEAR') in C:\xampp\htdocs\Rats\Rates\conveyancer\application.php on line 10
[2025-02-27 06:37:18] Error: Trying to access array offset on value of type bool in C:\xampp\htdocs\Rats\Rates\conveyancer\application.php on line 11
[2025-02-27 06:37:18] Error: Trying to access array offset on value of type bool in C:\xampp\htdocs\Rats\Rates\conveyancer\application.php on line 11
[2025-02-27 06:37:18] Error: Trying to access array offset on value of type bool in C:\xampp\htdocs\Rats\Rates\conveyancer\application.php on line 11
[2025-02-27 06:37:18] Error: Trying to access array offset on value of type bool in C:\xampp\htdocs\Rats\Rates\conveyancer\application.php on line 12
[2025-02-27 06:37:18] Error: Trying to access array offset on value of type bool in C:\xampp\htdocs\Rats\Rates\conveyancer\application.php on line 12
[2025-02-27 06:37:18] Error: Trying to access array offset on value of type bool in C:\xampp\htdocs\Rats\Rates\conveyancer\application.php on line 12
[2025-02-27 06:37:18] Exception: Database connection failed: SQLSTATE[HY000] [2019] Unknown character set in C:\xampp\htdocs\Rats\Rates\conveyancer\application.php on line 14
[2025-02-27 06:50:32] Error: include(C:\xampp\htdocs\Rats\Rates\conveyancer/../Database/config.php): Failed to open stream: No such file or directory in C:\xampp\htdocs\Rats\Rates\conveyancer\application.php on line 10
[2025-02-27 06:50:32] Error: include(): Failed opening 'C:\xampp\htdocs\Rats\Rates\conveyancer/../Database/config.php' for inclusion (include_path='C:\xampp\php\PEAR') in C:\xampp\htdocs\Rats\Rates\conveyancer\application.php on line 10
[2025-02-27 06:50:32] Error: Trying to access array offset on value of type bool in C:\xampp\htdocs\Rats\Rates\conveyancer\application.php on line 11
[2025-02-27 06:50:32] Error: Trying to access array offset on value of type bool in C:\xampp\htdocs\Rats\Rates\conveyancer\application.php on line 11
[2025-02-27 06:50:32] Error: Trying to access array offset on value of type bool in C:\xampp\htdocs\Rats\Rates\conveyancer\application.php on line 11
[2025-02-27 06:50:32] Error: Trying to access array offset on value of type bool in C:\xampp\htdocs\Rats\Rates\conveyancer\application.php on line 12
[2025-02-27 06:50:32] Error: Trying to access array offset on value of type bool in C:\xampp\htdocs\Rats\Rates\conveyancer\application.php on line 12
[2025-02-27 06:50:32] Error: Trying to access array offset on value of type bool in C:\xampp\htdocs\Rats\Rates\conveyancer\application.php on line 12
[2025-02-27 06:50:32] Exception: Database connection failed: SQLSTATE[HY000] [2019] Unknown character set in C:\xampp\htdocs\Rats\Rates\conveyancer\application.php on line 14
[2025-02-27 07:00:19] Error: include(C:\xampp\htdocs\Rats\Rates\conveyancer/../Database/config.php): Failed to open stream: No such file or directory in C:\xampp\htdocs\Rats\Rates\conveyancer\application.php on line 9
[2025-02-27 07:00:19] Error: include(): Failed opening 'C:\xampp\htdocs\Rats\Rates\conveyancer/../Database/config.php' for inclusion (include_path='C:\xampp\php\PEAR') in C:\xampp\htdocs\Rats\Rates\conveyancer\application.php on line 9
[2025-02-27 07:00:19] Error: Trying to access array offset on value of type bool in C:\xampp\htdocs\Rats\Rates\conveyancer\application.php on line 10
[2025-02-27 07:00:19] Error: Trying to access array offset on value of type bool in C:\xampp\htdocs\Rats\Rates\conveyancer\application.php on line 10
[2025-02-27 07:00:19] Error: Trying to access array offset on value of type bool in C:\xampp\htdocs\Rats\Rates\conveyancer\application.php on line 10
[2025-02-27 07:00:19] Error: Trying to access array offset on value of type bool in C:\xampp\htdocs\Rats\Rates\conveyancer\application.php on line 11
[2025-02-27 07:00:19] Error: Trying to access array offset on value of type bool in C:\xampp\htdocs\Rats\Rates\conveyancer\application.php on line 11
[2025-02-27 07:00:19] Error: Trying to access array offset on value of type bool in C:\xampp\htdocs\Rats\Rates\conveyancer\application.php on line 11
[2025-02-27 07:00:19] Exception: Database connection failed: SQLSTATE[HY000] [2019] Unknown character set in C:\xampp\htdocs\Rats\Rates\conveyancer\application.php on line 13
[2025-02-27 07:04:19] Error: include(C:\xampp\htdocs\Rats\Rates\conveyancer/../Database/config.php): Failed to open stream: No such file or directory in C:\xampp\htdocs\Rats\Rates\conveyancer\application.php on line 9
[2025-02-27 07:04:19] Error: include(): Failed opening 'C:\xampp\htdocs\Rats\Rates\conveyancer/../Database/config.php' for inclusion (include_path='C:\xampp\php\PEAR') in C:\xampp\htdocs\Rats\Rates\conveyancer\application.php on line 9
[2025-02-27 07:04:19] Error: Trying to access array offset on value of type bool in C:\xampp\htdocs\Rats\Rates\conveyancer\application.php on line 10
[2025-02-27 07:04:19] Error: Trying to access array offset on value of type bool in C:\xampp\htdocs\Rats\Rates\conveyancer\application.php on line 10
[2025-02-27 07:04:19] Error: Trying to access array offset on value of type bool in C:\xampp\htdocs\Rats\Rates\conveyancer\application.php on line 10
[2025-02-27 07:04:19] Error: Trying to access array offset on value of type bool in C:\xampp\htdocs\Rats\Rates\conveyancer\application.php on line 11
[2025-02-27 07:04:19] Error: Trying to access array offset on value of type bool in C:\xampp\htdocs\Rats\Rates\conveyancer\application.php on line 11
[2025-02-27 07:04:19] Error: Trying to access array offset on value of type bool in C:\xampp\htdocs\Rats\Rates\conveyancer\application.php on line 11
[2025-02-27 07:04:19] Exception: Database connection failed: SQLSTATE[HY000] [2019] Unknown character set in C:\xampp\htdocs\Rats\Rates\conveyancer\application.php on line 13
[2025-02-27 07:22:34] Error: include(C:\xampp\htdocs\Rats\Rates\conveyancer/../Database/config.php): Failed to open stream: No such file or directory in C:\xampp\htdocs\Rats\Rates\conveyancer\application.php on line 17
[2025-02-27 07:22:34] Error: include(): Failed opening 'C:\xampp\htdocs\Rats\Rates\conveyancer/../Database/config.php' for inclusion (include_path='C:\xampp\php\PEAR') in C:\xampp\htdocs\Rats\Rates\conveyancer\application.php on line 17
[2025-02-27 07:22:34] Error: Trying to access array offset on value of type bool in C:\xampp\htdocs\Rats\Rates\conveyancer\application.php on line 18
[2025-02-27 07:22:34] Error: Trying to access array offset on value of type bool in C:\xampp\htdocs\Rats\Rates\conveyancer\application.php on line 18
[2025-02-27 07:22:34] Error: Trying to access array offset on value of type bool in C:\xampp\htdocs\Rats\Rates\conveyancer\application.php on line 18
[2025-02-27 07:22:34] Error: Trying to access array offset on value of type bool in C:\xampp\htdocs\Rats\Rates\conveyancer\application.php on line 19
[2025-02-27 07:22:34] Error: Trying to access array offset on value of type bool in C:\xampp\htdocs\Rats\Rates\conveyancer\application.php on line 19
[2025-02-27 07:22:34] Error: Trying to access array offset on value of type bool in C:\xampp\htdocs\Rats\Rates\conveyancer\application.php on line 19
[2025-02-27 07:22:34] Error: file_put_contents(C:\xampp\htdocs\Rats\Rates\conveyancer/../logs/error_log.txt): Failed to open stream: No such file or directory in C:\xampp\htdocs\Rats\Rates\conveyancer\application.php on line 12
[2025-02-27 07:22:34] Exception: Database connection failed: SQLSTATE[HY000] [2019] Unknown character set in C:\xampp\htdocs\Rats\Rates\conveyancer\application.php on line 22
[2025-02-27 07:34:07] Error: include(C:\xampp\htdocs\Rats\Rates\conveyancer/../Database/config.php): Failed to open stream: No such file or directory in C:\xampp\htdocs\Rats\Rates\conveyancer\application.php on line 17
[2025-02-27 07:34:07] Error: include(): Failed opening 'C:\xampp\htdocs\Rats\Rates\conveyancer/../Database/config.php' for inclusion (include_path='C:\xampp\php\PEAR') in C:\xampp\htdocs\Rats\Rates\conveyancer\application.php on line 17
[2025-02-27 07:34:07] Error: Trying to access array offset on value of type bool in C:\xampp\htdocs\Rats\Rates\conveyancer\application.php on line 18
[2025-02-27 07:34:07] Error: Trying to access array offset on value of type bool in C:\xampp\htdocs\Rats\Rates\conveyancer\application.php on line 18
[2025-02-27 07:34:07] Error: Trying to access array offset on value of type bool in C:\xampp\htdocs\Rats\Rates\conveyancer\application.php on line 18
[2025-02-27 07:34:07] Error: Trying to access array offset on value of type bool in C:\xampp\htdocs\Rats\Rates\conveyancer\application.php on line 19
[2025-02-27 07:34:07] Error: Trying to access array offset on value of type bool in C:\xampp\htdocs\Rats\Rates\conveyancer\application.php on line 19
[2025-02-27 07:34:07] Error: Trying to access array offset on value of type bool in C:\xampp\htdocs\Rats\Rates\conveyancer\application.php on line 19
[2025-02-27 07:34:07] Error: file_put_contents(C:\xampp\htdocs\Rats\Rates\conveyancer/../logs/error_log.txt): Failed to open stream: No such file or directory in C:\xampp\htdocs\Rats\Rates\conveyancer\application.php on line 12
[2025-02-27 07:34:07] Exception: Database connection failed: SQLSTATE[HY000] [2019] Unknown character set in C:\xampp\htdocs\Rats\Rates\conveyancer\application.php on line 22
[2025-02-27 08:03:58] Error: include(C:\xampp\htdocs\Rats\Rates\conveyancer/../Database/config.php): Failed to open stream: No such file or directory in C:\xampp\htdocs\Rats\Rates\conveyancer\application.php on line 17
[2025-02-27 08:03:58] Error: include(): Failed opening 'C:\xampp\htdocs\Rats\Rates\conveyancer/../Database/config.php' for inclusion (include_path='C:\xampp\php\PEAR') in C:\xampp\htdocs\Rats\Rates\conveyancer\application.php on line 17
[2025-02-27 08:03:58] Error: Trying to access array offset on value of type bool in C:\xampp\htdocs\Rats\Rates\conveyancer\application.php on line 18
[2025-02-27 08:03:58] Error: Trying to access array offset on value of type bool in C:\xampp\htdocs\Rats\Rates\conveyancer\application.php on line 18
[2025-02-27 08:03:58] Error: Trying to access array offset on value of type bool in C:\xampp\htdocs\Rats\Rates\conveyancer\application.php on line 18
[2025-02-27 08:03:58] Error: Trying to access array offset on value of type bool in C:\xampp\htdocs\Rats\Rates\conveyancer\application.php on line 19
[2025-02-27 08:03:58] Error: Trying to access array offset on value of type bool in C:\xampp\htdocs\Rats\Rates\conveyancer\application.php on line 19
[2025-02-27 08:03:58] Error: Trying to access array offset on value of type bool in C:\xampp\htdocs\Rats\Rates\conveyancer\application.php on line 19
[2025-02-27 08:03:58] Error: file_put_contents(C:\xampp\htdocs\Rats\Rates\conveyancer/../logs/error_log.txt): Failed to open stream: No such file or directory in C:\xampp\htdocs\Rats\Rates\conveyancer\application.php on line 12
[2025-02-27 08:03:58] Exception: Database connection failed: SQLSTATE[HY000] [2019] Unknown character set in C:\xampp\htdocs\Rats\Rates\conveyancer\application.php on line 22
[2025-02-27 09:52:33] Error: include(C:\xampp\htdocs\Rats\Rates\conveyancer/../Database/config.php): Failed to open stream: No such file or directory in C:\xampp\htdocs\Rats\Rates\conveyancer\application.php on line 21
[2025-02-27 09:52:33] Error: include(): Failed opening 'C:\xampp\htdocs\Rats\Rates\conveyancer/../Database/config.php' for inclusion (include_path='C:\xampp\php\PEAR') in C:\xampp\htdocs\Rats\Rates\conveyancer\application.php on line 21
[2025-02-27 09:52:33] Error: Trying to access array offset on value of type bool in C:\xampp\htdocs\Rats\Rates\conveyancer\application.php on line 22
[2025-02-27 09:52:33] Error: Trying to access array offset on value of type bool in C:\xampp\htdocs\Rats\Rates\conveyancer\application.php on line 22
[2025-02-27 09:52:33] Error: Trying to access array offset on value of type bool in C:\xampp\htdocs\Rats\Rates\conveyancer\application.php on line 22
[2025-02-27 09:52:33] Error: Trying to access array offset on value of type bool in C:\xampp\htdocs\Rats\Rates\conveyancer\application.php on line 23
[2025-02-27 09:52:33] Error: Trying to access array offset on value of type bool in C:\xampp\htdocs\Rats\Rates\conveyancer\application.php on line 23
[2025-02-27 09:52:33] Error: Trying to access array offset on value of type bool in C:\xampp\htdocs\Rats\Rates\conveyancer\application.php on line 23
[2025-02-27 09:52:33] Error: file_put_contents(C:\xampp\htdocs\Rats\Rates\conveyancer/../logs/error_log.txt): Failed to open stream: No such file or directory in C:\xampp\htdocs\Rats\Rates\conveyancer\application.php on line 12
[2025-02-27 09:52:33] Error: file_put_contents(C:\xampp\htdocs\Rats\Rates\conveyancer/../logs/error_log.txt): Failed to open stream: No such file or directory in C:\xampp\htdocs\Rats\Rates\conveyancer\application.php on line 16
[2025-02-27 09:52:33] Exception: Database connection failed: SQLSTATE[HY000] [2019] Unknown character set in C:\xampp\htdocs\Rats\Rates\conveyancer\application.php on line 26
[2025-02-27 10:19:10] Error: include(C:\xampp\htdocs\Rats\Rates\conveyancer/../Database/config.php): Failed to open stream: No such file or directory in C:\xampp\htdocs\Rats\Rates\conveyancer\application.php on line 21
[2025-02-27 10:19:10] Error: include(): Failed opening 'C:\xampp\htdocs\Rats\Rates\conveyancer/../Database/config.php' for inclusion (include_path='C:\xampp\php\PEAR') in C:\xampp\htdocs\Rats\Rates\conveyancer\application.php on line 21
[2025-02-27 10:19:10] Error: Trying to access array offset on value of type bool in C:\xampp\htdocs\Rats\Rates\conveyancer\application.php on line 22
[2025-02-27 10:19:10] Error: Trying to access array offset on value of type bool in C:\xampp\htdocs\Rats\Rates\conveyancer\application.php on line 22
[2025-02-27 10:19:10] Error: Trying to access array offset on value of type bool in C:\xampp\htdocs\Rats\Rates\conveyancer\application.php on line 22
[2025-02-27 10:19:10] Error: Trying to access array offset on value of type bool in C:\xampp\htdocs\Rats\Rates\conveyancer\application.php on line 23
[2025-02-27 10:19:10] Error: Trying to access array offset on value of type bool in C:\xampp\htdocs\Rats\Rates\conveyancer\application.php on line 23
[2025-02-27 10:19:10] Error: Trying to access array offset on value of type bool in C:\xampp\htdocs\Rats\Rates\conveyancer\application.php on line 23
[2025-02-27 10:19:10] Error: file_put_contents(C:\xampp\htdocs\Rats\Rates\conveyancer/../logs/error_log.txt): Failed to open stream: No such file or directory in C:\xampp\htdocs\Rats\Rates\conveyancer\application.php on line 12
[2025-02-27 10:19:10] Error: file_put_contents(C:\xampp\htdocs\Rats\Rates\conveyancer/../logs/error_log.txt): Failed to open stream: No such file or directory in C:\xampp\htdocs\Rats\Rates\conveyancer\application.php on line 16
[2025-02-27 10:19:10] Exception: Database connection failed: SQLSTATE[HY000] [2019] Unknown character set in C:\xampp\htdocs\Rats\Rates\conveyancer\application.php on line 26
[2025-02-27 10:29:16] Error: include(C:\xampp\htdocs\Rats\Rates\conveyancer/../Database/config.php): Failed to open stream: No such file or directory in C:\xampp\htdocs\Rats\Rates\conveyancer\application.php on line 25
[2025-02-27 10:29:16] Error: include(): Failed opening 'C:\xampp\htdocs\Rats\Rates\conveyancer/../Database/config.php' for inclusion (include_path='C:\xampp\php\PEAR') in C:\xampp\htdocs\Rats\Rates\conveyancer\application.php on line 25
[2025-02-27 10:29:16] Error: Trying to access array offset on value of type bool in C:\xampp\htdocs\Rats\Rates\conveyancer\application.php on line 26
[2025-02-27 10:29:16] Error: Trying to access array offset on value of type bool in C:\xampp\htdocs\Rats\Rates\conveyancer\application.php on line 26
[2025-02-27 10:29:16] Error: Trying to access array offset on value of type bool in C:\xampp\htdocs\Rats\Rates\conveyancer\application.php on line 26
[2025-02-27 10:29:16] Error: Trying to access array offset on value of type bool in C:\xampp\htdocs\Rats\Rates\conveyancer\application.php on line 27
[2025-02-27 10:29:16] Error: Trying to access array offset on value of type bool in C:\xampp\htdocs\Rats\Rates\conveyancer\application.php on line 27
[2025-02-27 10:29:16] Error: Trying to access array offset on value of type bool in C:\xampp\htdocs\Rats\Rates\conveyancer\application.php on line 27
[2025-02-27 10:29:16] Error: file_put_contents(C:\xampp\htdocs\Rats\Rates\conveyancer/../logs/error_log.txt): Failed to open stream: No such file or directory in C:\xampp\htdocs\Rats\Rates\conveyancer\application.php on line 12
[2025-02-27 10:29:16] Error: file_put_contents(C:\xampp\htdocs\Rats\Rates\conveyancer/../logs/error_log.txt): Failed to open stream: No such file or directory in C:\xampp\htdocs\Rats\Rates\conveyancer\application.php on line 16
[2025-02-27 10:29:16] Exception: Database connection failed: SQLSTATE[HY000] [2019] Unknown character set in C:\xampp\htdocs\Rats\Rates\conveyancer\application.php on line 30
[2025-02-27 10:49:57] Error: include(C:\xampp\htdocs\Rats\Rates\conveyancer/../Database/config.php): Failed to open stream: No such file or directory in C:\xampp\htdocs\Rats\Rates\conveyancer\application.php on line 25
[2025-02-27 10:49:57] Error: include(): Failed opening 'C:\xampp\htdocs\Rats\Rates\conveyancer/../Database/config.php' for inclusion (include_path='C:\xampp\php\PEAR') in C:\xampp\htdocs\Rats\Rates\conveyancer\application.php on line 25
[2025-02-27 10:49:57] Error: Trying to access array offset on value of type bool in C:\xampp\htdocs\Rats\Rates\conveyancer\application.php on line 26
[2025-02-27 10:49:57] Error: Trying to access array offset on value of type bool in C:\xampp\htdocs\Rats\Rates\conveyancer\application.php on line 26
[2025-02-27 10:49:57] Error: Trying to access array offset on value of type bool in C:\xampp\htdocs\Rats\Rates\conveyancer\application.php on line 26
[2025-02-27 10:49:57] Error: Trying to access array offset on value of type bool in C:\xampp\htdocs\Rats\Rates\conveyancer\application.php on line 27
[2025-02-27 10:49:57] Error: Trying to access array offset on value of type bool in C:\xampp\htdocs\Rats\Rates\conveyancer\application.php on line 27
[2025-02-27 10:49:57] Error: Trying to access array offset on value of type bool in C:\xampp\htdocs\Rats\Rates\conveyancer\application.php on line 27
[2025-02-27 10:49:57] Error: file_put_contents(C:\xampp\htdocs\Rats\Rates\conveyancer/../logs/error_log.txt): Failed to open stream: No such file or directory in C:\xampp\htdocs\Rats\Rates\conveyancer\application.php on line 12
[2025-02-27 10:49:57] Error: file_put_contents(C:\xampp\htdocs\Rats\Rates\conveyancer/../logs/error_log.txt): Failed to open stream: No such file or directory in C:\xampp\htdocs\Rats\Rates\conveyancer\application.php on line 16
[2025-02-27 10:49:57] Exception: Database connection failed: SQLSTATE[HY000] [2019] Unknown character set in C:\xampp\htdocs\Rats\Rates\conveyancer\application.php on line 30
[2025-02-27 10:56:25] Error: include(C:\xampp\htdocs\Rats\Rates\conveyancer/../Database/config.php): Failed to open stream: No such file or directory in C:\xampp\htdocs\Rats\Rates\conveyancer\application.php on line 25
[2025-02-27 10:56:25] Error: include(): Failed opening 'C:\xampp\htdocs\Rats\Rates\conveyancer/../Database/config.php' for inclusion (include_path='C:\xampp\php\PEAR') in C:\xampp\htdocs\Rats\Rates\conveyancer\application.php on line 25
[2025-02-27 10:56:25] Error: Trying to access array offset on value of type bool in C:\xampp\htdocs\Rats\Rates\conveyancer\application.php on line 26
[2025-02-27 10:56:25] Error: Trying to access array offset on value of type bool in C:\xampp\htdocs\Rats\Rates\conveyancer\application.php on line 26
[2025-02-27 10:56:25] Error: Trying to access array offset on value of type bool in C:\xampp\htdocs\Rats\Rates\conveyancer\application.php on line 26
[2025-02-27 10:56:25] Error: Trying to access array offset on value of type bool in C:\xampp\htdocs\Rats\Rates\conveyancer\application.php on line 27
[2025-02-27 10:56:25] Error: Trying to access array offset on value of type bool in C:\xampp\htdocs\Rats\Rates\conveyancer\application.php on line 27
[2025-02-27 10:56:25] Error: Trying to access array offset on value of type bool in C:\xampp\htdocs\Rats\Rates\conveyancer\application.php on line 27
[2025-02-27 10:56:25] Error: file_put_contents(C:\xampp\htdocs\Rats\Rates\conveyancer/../logs/error_log.txt): Failed to open stream: No such file or directory in C:\xampp\htdocs\Rats\Rates\conveyancer\application.php on line 12
[2025-02-27 10:56:25] Error: file_put_contents(C:\xampp\htdocs\Rats\Rates\conveyancer/../logs/error_log.txt): Failed to open stream: No such file or directory in C:\xampp\htdocs\Rats\Rates\conveyancer\application.php on line 16
[2025-02-27 10:56:25] Exception: Database connection failed: SQLSTATE[HY000] [2019] Unknown character set in C:\xampp\htdocs\Rats\Rates\conveyancer\application.php on line 30
